{
  "RSpec": {
    "coverage": {
      "/home/judson/ruby/gems/caliph/lib/caliph.rb": [
        1,
        null,
        null,
        1,
        10,
        null,
        null,
        null,
        1,
        1,
        1,
        1,
        1
      ],
      "/home/judson/ruby/gems/caliph/lib/caliph/command-line.rb": [
        1,
        1,
        null,
        1,
        1,
        1,
        null,
        1,
        1,
        null,
        null,
        1,
        43,
        43,
        43,
        43,
        43,
        43,
        43,
        null,
        null,
        1,
        1,
        null,
        1,
        null,
        1,
        18,
        null,
        null,
        1,
        0,
        0,
        null,
        null,
        1,
        1,
        null,
        null,
        null,
        1,
        43,
        null,
        null,
        null,
        null,
        1,
        null,
        5,
        16,
        null,
        null,
        1,
        43,
        null,
        null,
        1,
        6,
        6,
        null,
        null,
        null,
        null,
        1,
        0,
        null,
        null,
        1,
        0,
        null,
        null,
        1,
        3,
        null,
        null,
        1,
        3,
        null,
        null,
        1,
        0,
        null,
        null,
        1,
        1,
        null,
        null,
        null,
        null,
        1,
        9,
        null,
        null,
        null,
        1,
        0,
        null,
        1,
        null,
        null,
        1,
        0,
        null,
        1,
        null,
        null,
        1,
        0,
        null,
        null,
        null,
        1,
        0,
        null,
        1,
        null,
        null,
        1,
        2,
        null,
        null,
        null,
        1,
        1,
        null,
        null,
        null,
        null
      ],
      "/home/judson/ruby/gems/caliph/lib/caliph/define-op.rb": [
        1,
        1,
        1,
        2,
        null,
        null,
        1,
        1,
        3,
        3,
        3,
        null,
        3,
        3,
        0,
        null,
        3,
        3,
        null,
        3,
        null,
        null,
        null,
        1,
        3,
        null,
        null,
        null,
        null
      ],
      "/home/judson/ruby/gems/caliph/lib/caliph/command-run-result.rb": [
        1,
        null,
        null,
        null,
        1,
        1,
        16,
        16,
        16,
        null,
        null,
        16,
        16,
        16,
        null,
        null,
        1,
        null,
        1,
        1,
        null,
        null,
        1,
        37,
        null,
        null,
        null,
        1,
        26,
        null,
        null,
        null,
        null,
        1,
        23,
        null,
        null,
        23,
        null,
        null,
        1,
        null,
        null,
        null,
        null,
        1,
        0,
        null,
        null,
        null,
        null,
        null,
        1,
        4,
        3,
        null,
        1,
        null,
        null,
        null,
        null,
        1,
        null,
        13,
        null,
        null,
        null,
        1,
        5,
        null,
        4,
        null,
        1,
        null,
        null,
        null,
        null,
        null,
        null,
        1,
        0,
        null,
        0,
        null,
        null,
        null,
        null,
        null,
        null,
        1,
        12,
        12,
        12,
        null,
        12,
        12,
        24,
        24,
        null,
        12,
        null,
        12,
        null,
        12,
        16,
        null,
        16,
        5,
        5,
        null,
        null,
        11,
        null,
        11,
        11,
        11,
        0,
        0,
        0,
        0,
        null,
        null,
        null,
        11,
        11,
        null,
        0,
        null,
        null,
        11,
        11,
        11,
        0,
        null,
        null,
        11,
        null,
        null,
        null,
        12,
        7,
        null,
        null,
        12,
        24,
        null,
        36,
        null,
        null,
        1,
        16,
        16,
        23,
        23,
        16,
        0,
        null,
        16,
        null,
        16,
        null,
        null,
        null,
        21,
        null,
        null,
        null,
        null,
        null,
        null
      ],
      "/home/judson/ruby/gems/caliph/lib/caliph/command-chain.rb": [
        1,
        null,
        1,
        1,
        1,
        null,
        1,
        8,
        8,
        8,
        null,
        null,
        1,
        null,
        1,
        6,
        null,
        null,
        1,
        14,
        14,
        14,
        null,
        null,
        null,
        null,
        1,
        5,
        10,
        null,
        null,
        null,
        1,
        0,
        null,
        null,
        null,
        1,
        1,
        null,
        1,
        3,
        null,
        null,
        null,
        1,
        1,
        null,
        1,
        3,
        null,
        null,
        null,
        1,
        1,
        null,
        1,
        21,
        null,
        null,
        null
      ],
      "/home/judson/ruby/gems/caliph/lib/caliph/command-line-dsl.rb": [
        1,
        1,
        1,
        3,
        null,
        null,
        1,
        0,
        null,
        null,
        null
      ],
      "/home/judson/ruby/gems/caliph/lib/caliph/shell-escaped.rb": [
        1,
        null,
        1,
        1,
        1,
        0,
        null,
        null,
        1,
        0,
        null,
        null,
        1,
        0,
        null,
        null,
        1,
        0,
        null,
        null,
        1,
        0,
        null,
        null,
        null
      ],
      "/home/judson/ruby/gems/caliph/lib/caliph/shell.rb": [
        1,
        1,
        1,
        1,
        null,
        null,
        null,
        null,
        null,
        null,
        null,
        1,
        1,
        null,
        1,
        28,
        null,
        null,
        1,
        25,
        null,
        null,
        null,
        null,
        1,
        25,
        null,
        null,
        null,
        1,
        28,
        null,
        null,
        null,
        null,
        null,
        1,
        2,
        null,
        2,
        null,
        null,
        1,
        21,
        21,
        7,
        15,
        1,
        null,
        13,
        null,
        21,
        null,
        null,
        21,
        18,
        null,
        1,
        null,
        null,
        null,
        null,
        1,
        16,
        16,
        16,
        null,
        null,
        null,
        null,
        null,
        null,
        1,
        16,
        16,
        null,
        16,
        16,
        16,
        null,
        16,
        null,
        null,
        null,
        null,
        null,
        null,
        1,
        12,
        12,
        12,
        null,
        null,
        null,
        null,
        null,
        null,
        null,
        null,
        null,
        null,
        null,
        null,
        null,
        null,
        null,
        null,
        null,
        1,
        13,
        null,
        12,
        12,
        12,
        12,
        12,
        null,
        13,
        null,
        null,
        null,
        null,
        null,
        null,
        null,
        null,
        null,
        null,
        null,
        1,
        2,
        null,
        2,
        2,
        2,
        null,
        1,
        null,
        null,
        null,
        null,
        null,
        null,
        null,
        1,
        3,
        null,
        2,
        2,
        2,
        null,
        1,
        null,
        null,
        null,
        null,
        null,
        1,
        3,
        null,
        2,
        2,
        2,
        2,
        null,
        2,
        null,
        1,
        null,
        null,
        null,
        null
      ],
      "/home/judson/ruby/gems/caliph/lib/caliph/testing/mock-command-line.rb": [
        1,
        null,
        1,
        1,
        1,
        0,
        0,
        null,
        null,
        0,
        0,
        null,
        null,
        0,
        null,
        null,
        1,
        0,
        0,
        null,
        null,
        1,
        null,
        1,
        null,
        null,
        1,
        1,
        0,
        null,
        null,
        null,
        1,
        1,
        1,
        1,
        0,
        null,
        null,
        null,
        null,
        1,
        0,
        0,
        0,
        0,
        null,
        0,
        null,
        null,
        0,
        0,
        null,
        null,
        null,
        null,
        1,
        0,
        null,
        null,
        null,
        null,
        1,
        0,
        null,
        null,
        null
      ],
      "/home/judson/ruby/gems/caliph/lib/caliph/testing/record-commands.rb": [
        1,
        null,
        1,
        1,
        1,
        1,
        null,
        1,
        0,
        0,
        0,
        null,
        null,
        1,
        1,
        null,
        1,
        2,
        null,
        null,
        1,
        1,
        1,
        1,
        null,
        0,
        null,
        1,
        0,
        null,
        null,
        null,
        null,
        null,
        null,
        1,
        1,
        null
      ]
    },
    "timestamp": 1405411082
  }
}
